2024-12-20 20:24:47,656 - INFO - Logging to file: C:\Users\RodePeters\Desktop\chem_transformer\output\logs\training_20241220_202447.log
2024-12-20 20:24:47,657 - INFO - Logging to file: C:\Users\RodePeters\Desktop\chem_transformer\output\logs\training_20241220_202447.log
2024-12-20 20:24:47,658 - INFO - Logging to file: C:\Users\RodePeters\Desktop\chem_transformer\output\logs\training_20241220_202447.log
2024-12-20 20:24:47,659 - INFO - Logging to file: C:\Users\RodePeters\Desktop\chem_transformer\output\logs\training_20241220_202447.log
2024-12-20 20:24:47,659 - INFO - Logging to file: C:\Users\RodePeters\Desktop\chem_transformer\output\logs\training_20241220_202447.log
2024-12-20 20:24:47,668 - INFO - Script started...
2024-12-20 20:24:47,668 - INFO - Attempting to load dataset from: C:\Users\RodePeters\Desktop\chem_transformer\synth_data_h5\synthetic_dataset.h5
2024-12-20 20:24:47,668 - INFO - Folder exists: C:\Users\RodePeters\Desktop\chem_transformer\output
2024-12-20 20:24:47,669 - INFO - Folder exists: C:\Users\RodePeters\Desktop\chem_transformer\output\models
2024-12-20 20:24:47,669 - INFO - Folder exists: C:\Users\RodePeters\Desktop\chem_transformer\output\logs
2024-12-20 20:24:47,669 - INFO - Analyzing dataset...
2024-12-20 20:24:47,669 - INFO - Analyzing dataset at: C:\Users\RodePeters\Desktop\chem_transformer\synth_data_h5\synthetic_dataset.h5
2024-12-20 20:24:47,672 - INFO - Number of unique chemicals (output_dim_chemical): 3
2024-12-20 20:24:47,672 - INFO - Adjusted features: 80 (with 5 padding)
2024-12-20 20:24:47,684 - INFO - Dataset Analysis:
2024-12-20 20:24:47,684 - INFO -   Number of features: 75
2024-12-20 20:24:47,684 - INFO -   Adjusted features: 80 (with 5 padding)
2024-12-20 20:24:47,684 - INFO -   Sequence length: 30000
2024-12-20 20:24:47,684 - INFO -   Total Memory: 68.38 GB
2024-12-20 20:24:47,685 - INFO -   Available Memory: 40.18 GB
2024-12-20 20:24:47,685 - INFO -   Estimated batch size: 125547742
2024-12-20 20:24:47,685 - INFO - Dataset analysis complete:
  Adjusted Features: 80
  Padding Needed: 5
  Number of Features: 75
  Sequence Length: 30000
  Batch Size: 125547742
  Output Dim (Chemical): 3
2024-12-20 20:24:47,687 - INFO - Dataset loaded with 30000 samples.
2024-12-20 20:24:47,688 - INFO - DataLoader created successfully.
2024-12-20 20:24:47,732 - INFO - SimpleTransformer initialized:
  Input Dim: 80
  Num Heads: 10
  Num Layers: 2
  Dim Feedforward: 512
  Output Dim (Chemical): 3
  Output Dim (Concentration): 1
2024-12-20 20:24:47,870 - INFO - Model initialized:
  Adjusted Features: 80
  Num Heads: 10
  Num Layers: 2
  Output Dim (Chemical): 3
  Output Dim (Concentration): 1
2024-12-20 20:24:47,871 - INFO - Starting training loop...
2024-12-20 20:24:48,793 - INFO - Epoch 1/10 started...
2024-12-20 20:25:04,536 - INFO - Epoch 1 completed. Average Loss: 3820.2649
2024-12-20 20:25:04,537 - ERROR - An error occurred during training: name 'Config' is not defined
Traceback (most recent call last):
  File "C:\Users\RodePeters\Desktop\chem_transformer\code\train_model\train.py", line 74, in train_model
    torch.save(model.state_dict(), Config.MODEL_SAVE_DIR / "best_model.pth")
                                   ^^^^^^
NameError: name 'Config' is not defined
2024-12-20 20:25:04,538 - ERROR - An error occurred: name 'Config' is not defined
Traceback (most recent call last):
  File "C:\Users\RodePeters\Desktop\chem_transformer\code\train_model\main.py", line 74, in main
    train_model(
  File "C:\Users\RodePeters\Desktop\chem_transformer\code\train_model\train.py", line 74, in train_model
    torch.save(model.state_dict(), Config.MODEL_SAVE_DIR / "best_model.pth")
                                   ^^^^^^
NameError: name 'Config' is not defined
