2024-12-20 20:29:15,602 - INFO - Logging to file: C:\Users\RodePeters\Desktop\chem_transformer\output\logs\training_20241220_202915.log
2024-12-20 20:29:15,603 - INFO - Logging to file: C:\Users\RodePeters\Desktop\chem_transformer\output\logs\training_20241220_202915.log
2024-12-20 20:29:15,603 - INFO - Logging to file: C:\Users\RodePeters\Desktop\chem_transformer\output\logs\training_20241220_202915.log
2024-12-20 20:29:15,606 - INFO - Logging to file: C:\Users\RodePeters\Desktop\chem_transformer\output\logs\training_20241220_202915.log
2024-12-20 20:29:15,608 - INFO - Logging to file: C:\Users\RodePeters\Desktop\chem_transformer\output\logs\training_20241220_202915.log
2024-12-20 20:29:15,608 - INFO - Script started...
2024-12-20 20:29:15,608 - INFO - Attempting to load dataset from: C:\Users\RodePeters\Desktop\chem_transformer\synth_data_h5\synthetic_dataset.h5
2024-12-20 20:29:15,608 - INFO - Folder exists: C:\Users\RodePeters\Desktop\chem_transformer\output
2024-12-20 20:29:15,608 - INFO - Folder exists: C:\Users\RodePeters\Desktop\chem_transformer\output\models
2024-12-20 20:29:15,608 - INFO - Folder exists: C:\Users\RodePeters\Desktop\chem_transformer\output\logs
2024-12-20 20:29:15,608 - INFO - Analyzing dataset...
2024-12-20 20:29:15,609 - INFO - Analyzing dataset at: C:\Users\RodePeters\Desktop\chem_transformer\synth_data_h5\synthetic_dataset.h5
2024-12-20 20:29:15,611 - INFO - Number of unique chemicals (output_dim_chemical): 3
2024-12-20 20:29:15,611 - INFO - Adjusted features: 80 (with 5 padding)
2024-12-20 20:29:15,615 - INFO - Dataset Analysis:
2024-12-20 20:29:15,616 - INFO -   Number of features: 75
2024-12-20 20:29:15,616 - INFO -   Adjusted features: 80 (with 5 padding)
2024-12-20 20:29:15,616 - INFO -   Sequence length: 30000
2024-12-20 20:29:15,616 - INFO -   Total Memory: 68.38 GB
2024-12-20 20:29:15,616 - INFO -   Available Memory: 39.97 GB
2024-12-20 20:29:15,616 - INFO -   Estimated batch size: 124921860
2024-12-20 20:29:15,616 - INFO - Dataset analysis complete:
  Adjusted Features: 80
  Padding Needed: 5
  Number of Features: 75
  Sequence Length: 30000
  Batch Size: 124921860
  Output Dim (Chemical): 3
2024-12-20 20:29:15,617 - INFO - Dataset loaded with 30000 samples.
2024-12-20 20:29:15,618 - INFO - DataLoader created successfully.
2024-12-20 20:29:15,660 - INFO - SimpleTransformer initialized:
  Input Dim: 80
  Num Heads: 10
  Num Layers: 2
  Dim Feedforward: 512
  Output Dim (Chemical): 3
  Output Dim (Concentration): 1
2024-12-20 20:29:15,935 - INFO - Model initialized:
  Adjusted Features: 80
  Num Heads: 10
  Num Layers: 2
  Output Dim (Chemical): 3
  Output Dim (Concentration): 1
2024-12-20 20:29:15,936 - INFO - Starting training loop...
2024-12-20 20:29:16,814 - INFO - Epoch 1/10 started...
2024-12-20 20:29:22,128 - INFO - Epoch 1 completed. Average Loss: 3811.6074
2024-12-20 20:29:22,133 - INFO - New best model saved with loss: 3811.6074
2024-12-20 20:29:22,133 - INFO - Epoch 2/10 started...
2024-12-20 20:29:26,567 - INFO - Epoch 2 completed. Average Loss: 3646.3352
2024-12-20 20:29:26,572 - INFO - New best model saved with loss: 3646.3352
2024-12-20 20:29:26,572 - INFO - Epoch 3/10 started...
2024-12-20 20:29:30,587 - INFO - Epoch 3 completed. Average Loss: 3521.1379
2024-12-20 20:29:30,593 - INFO - New best model saved with loss: 3521.1379
2024-12-20 20:29:30,593 - INFO - Epoch 4/10 started...
2024-12-20 20:29:34,789 - INFO - Epoch 4 completed. Average Loss: 3436.1348
2024-12-20 20:29:34,796 - INFO - New best model saved with loss: 3436.1348
2024-12-20 20:29:34,797 - INFO - Epoch 5/10 started...
2024-12-20 20:29:38,765 - INFO - Epoch 5 completed. Average Loss: 3381.2524
2024-12-20 20:29:38,771 - INFO - New best model saved with loss: 3381.2524
2024-12-20 20:29:38,772 - INFO - Epoch 6/10 started...
2024-12-20 20:29:42,728 - INFO - Epoch 6 completed. Average Loss: 3346.0833
2024-12-20 20:29:42,734 - INFO - New best model saved with loss: 3346.0833
2024-12-20 20:29:42,734 - INFO - Epoch 7/10 started...
2024-12-20 20:29:46,733 - INFO - Epoch 7 completed. Average Loss: 3322.9846
2024-12-20 20:29:46,738 - INFO - New best model saved with loss: 3322.9846
2024-12-20 20:29:46,738 - INFO - Epoch 8/10 started...
2024-12-20 20:29:50,705 - INFO - Epoch 8 completed. Average Loss: 3307.3892
2024-12-20 20:29:50,710 - INFO - New best model saved with loss: 3307.3892
2024-12-20 20:29:50,710 - INFO - Epoch 9/10 started...
2024-12-20 20:29:54,589 - INFO - Epoch 9 completed. Average Loss: 3295.9668
2024-12-20 20:29:54,595 - INFO - New best model saved with loss: 3295.9668
2024-12-20 20:29:54,595 - INFO - Epoch 10/10 started...
2024-12-20 20:29:58,607 - INFO - Epoch 10 completed. Average Loss: 3286.6560
2024-12-20 20:29:58,613 - INFO - New best model saved with loss: 3286.6560
2024-12-20 20:29:58,617 - INFO - Final model saved at C:\Users\RodePeters\Desktop\chem_transformer\output\models\final_model.pth
