2024-12-20 20:20:47,275 - INFO - Logging to file: C:\Users\RodePeters\Desktop\chem_transformer\output\logs\training_20241220_202045.log
2024-12-20 20:20:47,276 - INFO - Logging to file: C:\Users\RodePeters\Desktop\chem_transformer\output\logs\training_20241220_202045.log
2024-12-20 20:20:47,277 - INFO - Logging to file: C:\Users\RodePeters\Desktop\chem_transformer\output\logs\training_20241220_202045.log
2024-12-20 20:20:47,278 - INFO - Logging to file: C:\Users\RodePeters\Desktop\chem_transformer\output\logs\training_20241220_202045.log
2024-12-20 20:20:47,279 - INFO - Logging to file: C:\Users\RodePeters\Desktop\chem_transformer\output\logs\training_20241220_202045.log
2024-12-20 20:20:47,279 - INFO - Script started...
2024-12-20 20:20:47,280 - INFO - Attempting to load dataset from: C:\Users\RodePeters\Desktop\chem_transformer\synth_data_h5\synthetic_dataset.h5
2024-12-20 20:20:47,280 - INFO - Folder exists: C:\Users\RodePeters\Desktop\chem_transformer\output
2024-12-20 20:20:47,281 - INFO - Folder exists: C:\Users\RodePeters\Desktop\chem_transformer\output\models
2024-12-20 20:20:47,281 - INFO - Folder exists: C:\Users\RodePeters\Desktop\chem_transformer\output\logs
2024-12-20 20:20:47,281 - INFO - Analyzing dataset...
2024-12-20 20:20:47,281 - INFO - Analyzing dataset at: C:\Users\RodePeters\Desktop\chem_transformer\synth_data_h5\synthetic_dataset.h5
2024-12-20 20:20:47,284 - INFO - Number of unique chemicals (output_dim_chemical): 3
2024-12-20 20:20:47,284 - INFO - Adjusted features: 80 (with 5 padding)
2024-12-20 20:20:47,290 - INFO - Dataset Analysis:
2024-12-20 20:20:47,290 - INFO -   Number of features: 75
2024-12-20 20:20:47,290 - INFO -   Adjusted features: 80 (with 5 padding)
2024-12-20 20:20:47,291 - INFO -   Sequence length: 30000
2024-12-20 20:20:47,291 - INFO -   Total Memory: 68.38 GB
2024-12-20 20:20:47,291 - INFO -   Available Memory: 40.20 GB
2024-12-20 20:20:47,291 - INFO -   Estimated batch size: 125623249
2024-12-20 20:20:47,291 - INFO - Dataset analysis complete:
  Adjusted Features: 80
  Padding Needed: 5
  Number of Features: 75
  Sequence Length: 30000
  Batch Size: 125623249
  Output Dim (Chemical): 3
2024-12-20 20:20:47,293 - INFO - Dataset loaded with 30000 samples.
2024-12-20 20:20:47,293 - INFO - DataLoader created successfully.
2024-12-20 20:20:47,334 - INFO - SimpleTransformer initialized:
  Input Dim: 80
  Num Heads: 10
  Num Layers: 2
  Dim Feedforward: 512
  Output Dim (Chemical): 3
  Output Dim (Concentration): 1
2024-12-20 20:20:47,501 - INFO - Model initialized:
  Adjusted Features: 80
  Num Heads: 10
  Num Layers: 2
  Output Dim (Chemical): 3
  Output Dim (Concentration): 1
2024-12-20 20:20:47,503 - ERROR - An error occurred: train_model() got an unexpected keyword argument 'num_epochs'
Traceback (most recent call last):
  File "C:\Users\RodePeters\Desktop\chem_transformer\code\train_model\main.py", line 74, in main
    train_model(
TypeError: train_model() got an unexpected keyword argument 'num_epochs'
