2024-12-20 20:23:50,566 - INFO - Logging to file: C:\Users\RodePeters\Desktop\chem_transformer\output\logs\training_20241220_202350.log
2024-12-20 20:23:50,567 - INFO - Logging to file: C:\Users\RodePeters\Desktop\chem_transformer\output\logs\training_20241220_202350.log
2024-12-20 20:23:50,568 - INFO - Logging to file: C:\Users\RodePeters\Desktop\chem_transformer\output\logs\training_20241220_202350.log
2024-12-20 20:23:50,569 - INFO - Logging to file: C:\Users\RodePeters\Desktop\chem_transformer\output\logs\training_20241220_202350.log
2024-12-20 20:23:50,569 - INFO - Logging to file: C:\Users\RodePeters\Desktop\chem_transformer\output\logs\training_20241220_202350.log
2024-12-20 20:23:50,580 - INFO - Script started...
2024-12-20 20:23:50,580 - INFO - Attempting to load dataset from: C:\Users\RodePeters\Desktop\chem_transformer\synth_data_h5\synthetic_dataset.h5
2024-12-20 20:23:50,580 - INFO - Folder exists: C:\Users\RodePeters\Desktop\chem_transformer\output
2024-12-20 20:23:50,581 - INFO - Folder exists: C:\Users\RodePeters\Desktop\chem_transformer\output\models
2024-12-20 20:23:50,581 - INFO - Folder exists: C:\Users\RodePeters\Desktop\chem_transformer\output\logs
2024-12-20 20:23:50,581 - INFO - Analyzing dataset...
2024-12-20 20:23:50,581 - INFO - Analyzing dataset at: C:\Users\RodePeters\Desktop\chem_transformer\synth_data_h5\synthetic_dataset.h5
2024-12-20 20:23:50,583 - INFO - Number of unique chemicals (output_dim_chemical): 3
2024-12-20 20:23:50,584 - INFO - Adjusted features: 80 (with 5 padding)
2024-12-20 20:23:50,593 - INFO - Dataset Analysis:
2024-12-20 20:23:50,593 - INFO -   Number of features: 75
2024-12-20 20:23:50,594 - INFO -   Adjusted features: 80 (with 5 padding)
2024-12-20 20:23:50,594 - INFO -   Sequence length: 30000
2024-12-20 20:23:50,595 - INFO -   Total Memory: 68.38 GB
2024-12-20 20:23:50,595 - INFO -   Available Memory: 40.07 GB
2024-12-20 20:23:50,595 - INFO -   Estimated batch size: 125221483
2024-12-20 20:23:50,595 - INFO - Dataset analysis complete:
  Adjusted Features: 80
  Padding Needed: 5
  Number of Features: 75
  Sequence Length: 30000
  Batch Size: 125221483
  Output Dim (Chemical): 3
2024-12-20 20:23:50,596 - INFO - Dataset loaded with 30000 samples.
2024-12-20 20:23:50,597 - INFO - DataLoader created successfully.
2024-12-20 20:23:50,642 - INFO - SimpleTransformer initialized:
  Input Dim: 80
  Num Heads: 10
  Num Layers: 2
  Dim Feedforward: 512
  Output Dim (Chemical): 3
  Output Dim (Concentration): 1
2024-12-20 20:23:50,805 - INFO - Model initialized:
  Adjusted Features: 80
  Num Heads: 10
  Num Layers: 2
  Output Dim (Chemical): 3
  Output Dim (Concentration): 1
2024-12-20 20:23:50,805 - INFO - Starting training loop...
2024-12-20 20:23:51,698 - INFO - Epoch 1/10 started...
2024-12-20 20:23:52,178 - ERROR - Error in __getitem__ at index 4759: type object 'Config' has no attribute 'TENSOR_LONG_TYPE'
Traceback (most recent call last):
  File "C:\Users\RodePeters\Desktop\chem_transformer\code\train_model\dataset.py", line 79, in __getitem__
    "chemical": torch.tensor(self.chemical[idx], dtype=Config.TENSOR_LONG_TYPE),
                                                       ^^^^^^^^^^^^^^^^^^^^^^^
AttributeError: type object 'Config' has no attribute 'TENSOR_LONG_TYPE'
2024-12-20 20:23:52,180 - ERROR - An error occurred during training: type object 'Config' has no attribute 'TENSOR_LONG_TYPE'
Traceback (most recent call last):
  File "C:\Users\RodePeters\Desktop\chem_transformer\code\train_model\train.py", line 40, in train_model
    for batch_idx, batch in enumerate(dataloader):
  File "C:\Users\RodePeters\Anaconda3\envs\torch_env\Lib\site-packages\torch\utils\data\dataloader.py", line 701, in __next__
    data = self._next_data()
           ^^^^^^^^^^^^^^^^^
  File "C:\Users\RodePeters\Anaconda3\envs\torch_env\Lib\site-packages\torch\utils\data\dataloader.py", line 757, in _next_data
    data = self._dataset_fetcher.fetch(index)  # may raise StopIteration
           ^^^^^^^^^^^^^^^^^^^^^^^^^^^^^^^^^^
  File "C:\Users\RodePeters\Anaconda3\envs\torch_env\Lib\site-packages\torch\utils\data\_utils\fetch.py", line 52, in fetch
    data = [self.dataset[idx] for idx in possibly_batched_index]
           ^^^^^^^^^^^^^^^^^^^^^^^^^^^^^^^^^^^^^^^^^^^^^^^^^^^^^
  File "C:\Users\RodePeters\Anaconda3\envs\torch_env\Lib\site-packages\torch\utils\data\_utils\fetch.py", line 52, in <listcomp>
    data = [self.dataset[idx] for idx in possibly_batched_index]
            ~~~~~~~~~~~~^^^^^
  File "C:\Users\RodePeters\Desktop\chem_transformer\code\train_model\dataset.py", line 79, in __getitem__
    "chemical": torch.tensor(self.chemical[idx], dtype=Config.TENSOR_LONG_TYPE),
                                                       ^^^^^^^^^^^^^^^^^^^^^^^
AttributeError: type object 'Config' has no attribute 'TENSOR_LONG_TYPE'
2024-12-20 20:23:52,186 - ERROR - An error occurred: type object 'Config' has no attribute 'TENSOR_LONG_TYPE'
Traceback (most recent call last):
  File "C:\Users\RodePeters\Desktop\chem_transformer\code\train_model\main.py", line 74, in main
    train_model(
  File "C:\Users\RodePeters\Desktop\chem_transformer\code\train_model\train.py", line 40, in train_model
    for batch_idx, batch in enumerate(dataloader):
  File "C:\Users\RodePeters\Anaconda3\envs\torch_env\Lib\site-packages\torch\utils\data\dataloader.py", line 701, in __next__
    data = self._next_data()
           ^^^^^^^^^^^^^^^^^
  File "C:\Users\RodePeters\Anaconda3\envs\torch_env\Lib\site-packages\torch\utils\data\dataloader.py", line 757, in _next_data
    data = self._dataset_fetcher.fetch(index)  # may raise StopIteration
           ^^^^^^^^^^^^^^^^^^^^^^^^^^^^^^^^^^
  File "C:\Users\RodePeters\Anaconda3\envs\torch_env\Lib\site-packages\torch\utils\data\_utils\fetch.py", line 52, in fetch
    data = [self.dataset[idx] for idx in possibly_batched_index]
           ^^^^^^^^^^^^^^^^^^^^^^^^^^^^^^^^^^^^^^^^^^^^^^^^^^^^^
  File "C:\Users\RodePeters\Anaconda3\envs\torch_env\Lib\site-packages\torch\utils\data\_utils\fetch.py", line 52, in <listcomp>
    data = [self.dataset[idx] for idx in possibly_batched_index]
            ~~~~~~~~~~~~^^^^^
  File "C:\Users\RodePeters\Desktop\chem_transformer\code\train_model\dataset.py", line 79, in __getitem__
    "chemical": torch.tensor(self.chemical[idx], dtype=Config.TENSOR_LONG_TYPE),
                                                       ^^^^^^^^^^^^^^^^^^^^^^^
AttributeError: type object 'Config' has no attribute 'TENSOR_LONG_TYPE'
