2024-12-20 20:44:13,690 - INFO - Logging to file: C:\Users\RodePeters\Desktop\chem_transformer\output\logs\training_20241220_204413.log
2024-12-20 20:44:13,691 - INFO - Logging to file: C:\Users\RodePeters\Desktop\chem_transformer\output\logs\training_20241220_204413.log
2024-12-20 20:44:13,692 - INFO - Logging to file: C:\Users\RodePeters\Desktop\chem_transformer\output\logs\training_20241220_204413.log
2024-12-20 20:44:13,694 - INFO - Logging to file: C:\Users\RodePeters\Desktop\chem_transformer\output\logs\training_20241220_204413.log
2024-12-20 20:44:13,694 - INFO - Logging to file: C:\Users\RodePeters\Desktop\chem_transformer\output\logs\training_20241220_204413.log
2024-12-20 20:44:13,703 - INFO - Script started...
2024-12-20 20:44:13,703 - INFO - Attempting to load dataset from: C:\Users\RodePeters\Desktop\chem_transformer\synth_data_h5\synthetic_dataset.h5
2024-12-20 20:44:13,704 - INFO - Folder exists: C:\Users\RodePeters\Desktop\chem_transformer\output
2024-12-20 20:44:13,704 - INFO - Folder exists: C:\Users\RodePeters\Desktop\chem_transformer\output\models
2024-12-20 20:44:13,704 - INFO - Folder exists: C:\Users\RodePeters\Desktop\chem_transformer\output\logs
2024-12-20 20:44:13,704 - INFO - Analyzing dataset...
2024-12-20 20:44:13,705 - INFO - Analyzing dataset at: C:\Users\RodePeters\Desktop\chem_transformer\synth_data_h5\synthetic_dataset.h5
2024-12-20 20:44:13,706 - INFO - Number of unique chemicals (output_dim_chemical): 3
2024-12-20 20:44:13,706 - INFO - Adjusted features: 80 (with 5 padding)
2024-12-20 20:44:13,713 - INFO - Dataset Analysis:
2024-12-20 20:44:13,713 - INFO -   Number of features: 75
2024-12-20 20:44:13,713 - INFO -   Adjusted features: 80 (with 5 padding)
2024-12-20 20:44:13,713 - INFO -   Sequence length: 30000
2024-12-20 20:44:13,713 - INFO -   Total Memory: 68.38 GB
2024-12-20 20:44:13,715 - INFO -   Available Memory: 39.76 GB
2024-12-20 20:44:13,715 - INFO -   Estimated batch size: 124256068
2024-12-20 20:44:13,715 - INFO - Dataset analysis complete:
  Adjusted Features: 80
  Padding Needed: 5
  Number of Features: 75
  Sequence Length: 30000
  Batch Size: 124256068
  Output Dim (Chemical): 3
2024-12-20 20:44:13,715 - INFO - Dataset loaded with 30000 samples.
2024-12-20 20:44:13,716 - INFO - DataLoader created successfully.
2024-12-20 20:44:13,755 - INFO - SimpleTransformer initialized:
  Input Dim: 80
  Num Heads: 10
  Num Layers: 2
  Dim Feedforward: 512
  Output Dim (Chemical): 3
  Output Dim (Concentration): 1
2024-12-20 20:44:13,885 - INFO - Model initialized:
  Adjusted Features: 80
  Num Heads: 10
  Num Layers: 2
  Output Dim (Chemical): 3
  Output Dim (Concentration): 1
2024-12-20 20:44:13,885 - INFO - Starting training loop...
2024-12-20 20:44:15,055 - INFO - Epoch 1/10 started...
2024-12-20 20:44:21,549 - INFO - Epoch 1 completed. Average Loss: 3815.3452
2024-12-20 20:44:21,554 - INFO - New best model saved with loss: 3815.3452
2024-12-20 20:44:21,554 - INFO - Epoch 2/10 started...
2024-12-20 20:44:25,246 - INFO - Epoch 2 completed. Average Loss: 3655.6912
2024-12-20 20:44:25,252 - INFO - New best model saved with loss: 3655.6912
2024-12-20 20:44:25,252 - INFO - Epoch 3/10 started...
2024-12-20 20:44:29,267 - INFO - Epoch 3 completed. Average Loss: 3527.1143
2024-12-20 20:44:29,272 - INFO - New best model saved with loss: 3527.1143
2024-12-20 20:44:29,272 - INFO - Epoch 4/10 started...
2024-12-20 20:44:33,241 - INFO - Epoch 4 completed. Average Loss: 3433.3225
2024-12-20 20:44:33,249 - INFO - New best model saved with loss: 3433.3225
2024-12-20 20:44:33,249 - INFO - Epoch 5/10 started...
2024-12-20 20:44:36,936 - INFO - Epoch 5 completed. Average Loss: 3369.2285
2024-12-20 20:44:36,941 - INFO - New best model saved with loss: 3369.2285
2024-12-20 20:44:36,941 - INFO - Epoch 6/10 started...
2024-12-20 20:44:40,843 - INFO - Epoch 6 completed. Average Loss: 3327.7263
2024-12-20 20:44:40,848 - INFO - New best model saved with loss: 3327.7263
2024-12-20 20:44:40,849 - INFO - Epoch 7/10 started...
2024-12-20 20:44:44,674 - INFO - Epoch 7 completed. Average Loss: 3300.5942
2024-12-20 20:44:44,681 - INFO - New best model saved with loss: 3300.5942
2024-12-20 20:44:44,682 - INFO - Epoch 8/10 started...
2024-12-20 20:44:48,643 - INFO - Epoch 8 completed. Average Loss: 3282.5615
2024-12-20 20:44:48,647 - INFO - New best model saved with loss: 3282.5615
2024-12-20 20:44:48,647 - INFO - Epoch 9/10 started...
2024-12-20 20:44:52,420 - INFO - Epoch 9 completed. Average Loss: 3269.4458
2024-12-20 20:44:52,425 - INFO - New best model saved with loss: 3269.4458
2024-12-20 20:44:52,425 - INFO - Epoch 10/10 started...
2024-12-20 20:44:56,318 - INFO - Epoch 10 completed. Average Loss: 3258.7551
2024-12-20 20:44:56,324 - INFO - New best model saved with loss: 3258.7551
2024-12-20 20:44:56,329 - INFO - Final model saved at C:\Users\RodePeters\Desktop\chem_transformer\output\models\final_model.pth
