2024-12-20 20:07:12,748 - INFO - Logging to file: C:\Users\RodePeters\Desktop\chem_transformer\output\logs\training_20241220_200710.log
2024-12-20 20:07:12,751 - INFO - Logging to file: C:\Users\RodePeters\Desktop\chem_transformer\output\logs\training_20241220_200710.log
2024-12-20 20:07:12,754 - INFO - Logging to file: C:\Users\RodePeters\Desktop\chem_transformer\output\logs\training_20241220_200710.log
2024-12-20 20:07:12,756 - INFO - Logging to file: C:\Users\RodePeters\Desktop\chem_transformer\output\logs\training_20241220_200710.log
2024-12-20 20:07:12,758 - INFO - Logging to file: C:\Users\RodePeters\Desktop\chem_transformer\output\logs\training_20241220_200710.log
2024-12-20 20:07:12,767 - INFO - Script started...
2024-12-20 20:07:12,767 - INFO - Attempting to load dataset from: C:\Users\RodePeters\Desktop\chem_transformer\synth_data_h5\synthetic_dataset.h5
2024-12-20 20:07:12,767 - INFO - Folder exists: C:\Users\RodePeters\Desktop\chem_transformer\output
2024-12-20 20:07:12,768 - INFO - Folder exists: C:\Users\RodePeters\Desktop\chem_transformer\output\models
2024-12-20 20:07:12,768 - INFO - Folder exists: C:\Users\RodePeters\Desktop\chem_transformer\output\logs
2024-12-20 20:07:12,768 - INFO - Analyzing dataset...
2024-12-20 20:07:12,768 - INFO - Analyzing dataset at: C:\Users\RodePeters\Desktop\chem_transformer\synth_data_h5\synthetic_dataset.h5
2024-12-20 20:07:12,769 - INFO - Adjusted features: 80 (with 5 padding)
2024-12-20 20:07:12,774 - INFO - Dataset Analysis:
2024-12-20 20:07:12,776 - INFO -   Number of features: 75
2024-12-20 20:07:12,776 - INFO -   Adjusted features: 80 (with 5 padding)
2024-12-20 20:07:12,776 - INFO -   Sequence length: 30000
2024-12-20 20:07:12,776 - INFO -   Total Memory: 68.38 GB
2024-12-20 20:07:12,776 - INFO -   Available Memory: 40.22 GB
2024-12-20 20:07:12,776 - INFO -   Estimated batch size: 125688670
2024-12-20 20:07:12,776 - INFO - Dataset analysis complete.
2024-12-20 20:07:12,777 - INFO - Dataset loaded with 30000 samples.
2024-12-20 20:07:12,777 - INFO - DataLoader created successfully.
2024-12-20 20:07:12,813 - ERROR - An error occurred: type object 'Config' has no attribute 'OUTPUT_DIM'
Traceback (most recent call last):
  File "C:\Users\RodePeters\Desktop\chem_transformer\code\train_model\main.py", line 53, in main
    output_dim=Config.OUTPUT_DIM,
               ^^^^^^^^^^^^^^^^^
AttributeError: type object 'Config' has no attribute 'OUTPUT_DIM'
